Determining if the pthread_create exist failed with the following output:
Change Dir: /home/gareth/lib/gtest-1.6.0/build/CMakeFiles/CMakeTmp

Run Build Command:/usr/bin/make "cmTryCompileExec1674817329/fast"
/usr/bin/make -f CMakeFiles/cmTryCompileExec1674817329.dir/build.make CMakeFiles/cmTryCompileExec1674817329.dir/build
make[1]: Entering directory `/home/gareth/lib/gtest-1.6.0/build/CMakeFiles/CMakeTmp'
/usr/local/bin/cmake -E cmake_progress_report /home/gareth/lib/gtest-1.6.0/build/CMakeFiles/CMakeTmp/CMakeFiles 1
Building C object CMakeFiles/cmTryCompileExec1674817329.dir/CheckSymbolExists.c.o
/usr/bin/gcc    -o CMakeFiles/cmTryCompileExec1674817329.dir/CheckSymbolExists.c.o   -c /home/gareth/lib/gtest-1.6.0/build/CMakeFiles/CMakeTmp/CheckSymbolExists.c
Linking C executable cmTryCompileExec1674817329
/usr/local/bin/cmake -E cmake_link_script CMakeFiles/cmTryCompileExec1674817329.dir/link.txt --verbose=1
/usr/bin/gcc         CMakeFiles/cmTryCompileExec1674817329.dir/CheckSymbolExists.c.o  -o cmTryCompileExec1674817329 -rdynamic 
CMakeFiles/cmTryCompileExec1674817329.dir/CheckSymbolExists.c.o: In function `main':
CheckSymbolExists.c:(.text+0x4): undefined reference to `pthread_create'
collect2: ld returned 1 exit status
make[1]: *** [cmTryCompileExec1674817329] Error 1
make[1]: Leaving directory `/home/gareth/lib/gtest-1.6.0/build/CMakeFiles/CMakeTmp'
make: *** [cmTryCompileExec1674817329/fast] Error 2

File /home/gareth/lib/gtest-1.6.0/build/CMakeFiles/CMakeTmp/CheckSymbolExists.c:
/* */
#include <pthread.h>

int main(int argc, char** argv)
{
  (void)argv;
#ifndef pthread_create
  return ((int*)(&pthread_create))[argc];
#else
  (void)argc;
  return 0;
#endif
}

Determining if the function pthread_create exists in the pthreads failed with the following output:
Change Dir: /home/gareth/lib/gtest-1.6.0/build/CMakeFiles/CMakeTmp

Run Build Command:/usr/bin/make "cmTryCompileExec2843513467/fast"
/usr/bin/make -f CMakeFiles/cmTryCompileExec2843513467.dir/build.make CMakeFiles/cmTryCompileExec2843513467.dir/build
make[1]: Entering directory `/home/gareth/lib/gtest-1.6.0/build/CMakeFiles/CMakeTmp'
/usr/local/bin/cmake -E cmake_progress_report /home/gareth/lib/gtest-1.6.0/build/CMakeFiles/CMakeTmp/CMakeFiles 1
Building C object CMakeFiles/cmTryCompileExec2843513467.dir/CheckFunctionExists.c.o
/usr/bin/gcc   -DCHECK_FUNCTION_EXISTS=pthread_create   -o CMakeFiles/cmTryCompileExec2843513467.dir/CheckFunctionExists.c.o   -c /usr/local/share/cmake-2.8/Modules/CheckFunctionExists.c
Linking C executable cmTryCompileExec2843513467
/usr/local/bin/cmake -E cmake_link_script CMakeFiles/cmTryCompileExec2843513467.dir/link.txt --verbose=1
/usr/bin/gcc     -DCHECK_FUNCTION_EXISTS=pthread_create    CMakeFiles/cmTryCompileExec2843513467.dir/CheckFunctionExists.c.o  -o cmTryCompileExec2843513467 -rdynamic -lpthreads 
/usr/bin/ld: cannot find -lpthreads
collect2: ld returned 1 exit status
make[1]: *** [cmTryCompileExec2843513467] Error 1
make[1]: Leaving directory `/home/gareth/lib/gtest-1.6.0/build/CMakeFiles/CMakeTmp'
make: *** [cmTryCompileExec2843513467/fast] Error 2


